Waiting for Railway deployment to finish (polling reset-confessions)...
Still waiting... (Status: 500)
Deployment is live! Database reset successful.
Deleting any lingering user accounts just to be safe...
  % Total    % Received % Xferd  Average Speed   Time    Time     Time  Current
                                 Dload  Upload   Total   Spent    Left  Speed
  0     0    0     0    0     0      0      0 --:--:-- --:--:-- --:--:--     0  0     0    0     0    0     0      0      0 --:--:-- --:--:-- --:--:--     0  0     0    0     0    0     0      0      0 --:--:-- --:--:-- --:--:--     0
Generating 20 new juicy confessions across 10 varied themes...
Generating for theme: horror
./seed_db.sh: line 36: jq: command not found
[{"createdAt":"2026-06-06T20:34:08.848883762","id":17,"locationName":"Magnolia Country Club","moderationStatus":null,"placeType":"wedding venue","seeded":true,"spicy":true,"text":"I spilled red wine on your wedding dress on purpose. I'm not just your maid of honor, I've been sleeping with your fiancé since the engagement party. And no, he isn't going to break it off."},{"createdAt":"2026-06-06T20:34:24.421824248","id":18,"locationName":"Apex Corporate Towers","moderationStatus":null,"placeType":"office","seeded":true,"spicy":false,"text":"Everyone thinks our manager was fired for embezzling. The truth? I planted those fake invoices on his computer because he denied my PTO request for my sister's wedding. I'd do it again."}]
Generating for theme: forbidden love
./seed_db.sh: line 36: jq: command not found
[{"createdAt":"2026-06-06T20:34:59.434863721","id":19,"locationName":"Oak Creek Apartments","moderationStatus":null,"placeType":"apartment building","seeded":true,"spicy":true,"text":"You didn't lose your acceptance letter to med school in the mail. I shredded it. I couldn't handle being the only one left behind in our dead-end hometown. I'm sorry you work retail now."},{"createdAt":"2026-06-06T20:35:13.220798872","id":20,"locationName":"Willow Creek Estate","moderationStatus":null,"placeType":"family home","seeded":true,"spicy":true,"text":"Mom didn't forget to put you in the will. I forged the signature on the revised copy while she was in hospice. You never visited her anyway, so I kept the house."}]
Generating for theme: deep hatred
./seed_db.sh: line 36: jq: command not found
[{"createdAt":"2026-06-06T20:35:43.477608638","id":21,"locationName":"Suburban Family Home","moderationStatus":null,"placeType":"house","seeded":true,"spicy":true,"text":"Our son's blue eyes aren't a rare genetic mutation. Your brother has the exact same shade. Stop buying those ancestry kits before you ruin our perfect little family."},{"createdAt":"2026-06-06T20:36:05.643482196","id":22,"locationName":"Downtown Apartment","moderationStatus":null,"placeType":"apartment","seeded":true,"spicy":false,"text":"Your dog didn't run away last summer. I dropped him at a shelter two towns over because he chewed my designer shoes. I even helped you put up the missing posters."}]
Generating for theme: college life betrayal
./seed_db.sh: line 36: jq: command not found
[{"createdAt":"2026-06-06T20:36:42.261541643","id":23,"locationName":"Lakeside Cabin","moderationStatus":null,"placeType":"vacation rental","seeded":true,"spicy":true,"text":"Your boyfriend didn't ghost you. I replied to his proposal text from your phone, told him you never loved him, and deleted the evidence. Now he's my husband."},{"createdAt":"2026-06-06T20:36:59.460888933","id":24,"locationName":"Oceanview Casino","moderationStatus":null,"placeType":"casino","seeded":true,"spicy":true,"text":"I didn't lose my engagement ring in the ocean. I pawned it to pay off my secret gambling debt. I watch you work overtime to buy a new one, and I say nothing."}]
Generating for theme: school life secret
./seed_db.sh: line 36: jq: command not found
[{"createdAt":"2026-06-06T20:37:30.118070798","id":25,"locationName":"Blush Bridal Boutique","moderationStatus":null,"placeType":"shop","seeded":true,"spicy":false,"text":"You think your metabolism slowed down. The truth? I’ve been secretly mixing high-calorie weight gainer into your expensive diet shakes for months. You were getting way too arrogant about your upcoming wedding."},{"createdAt":"2026-06-06T20:37:51.592481163","id":26,"locationName":"Sunset Apartments","moderationStatus":null,"placeType":"apartment","seeded":true,"spicy":false,"text":"Your long-distance boyfriend isn't a wealthy architect. It's me, your roommate. I only started catfishing you so you'd stop obsessing over your ex and finally start paying your half of the rent on time."}]
Generating for theme: couple infidelity
./seed_db.sh: line 36: jq: command not found
[{"createdAt":"2026-06-06T20:38:29.19892204","id":27,"locationName":"The Sterling Estate","moderationStatus":null,"placeType":"mansion","seeded":true,"spicy":true,"text":"I’m not just your baby's nanny. I'm your husband's second wife. He never hired me from an agency. We just needed a clever way to live together under the exact same roof without you knowing."},{"createdAt":"2026-06-06T20:38:48.987400209","id":28,"locationName":"Lucky Stop Bodega","moderationStatus":null,"placeType":"convenience store","seeded":true,"spicy":false,"text":"You didn't drop your winning scratch-off ticket down the storm drain. I swapped it with a loser while you were in the restroom. That big work bonus that bought my new car? It was actually your money."}]
Generating for theme: stolen money
./seed_db.sh: line 36: jq: command not found
[{"createdAt":"2026-06-06T20:39:20.70360317","id":29,"locationName":"Apex Corporate Office","moderationStatus":null,"placeType":"office","seeded":true,"spicy":false,"text":"You didn't bomb that major client presentation because of a laptop glitch. I secretly tampered with your slides the night before. Now I have the corner office, and you report to me."}]
Generating for theme: mid life crisis regret
./seed_db.sh: line 36: jq: command not found
[{"createdAt":"2026-06-06T20:40:02.447322655","id":30,"locationName":"Pinecrest Suburbs","moderationStatus":null,"placeType":"neighborhood","seeded":true,"spicy":false,"text":"The HOA isn't targeting you. I’m the one filing daily complaints and keying your car. I just need you to move out so my daughter can buy your house at a steep discount."},{"createdAt":"2026-06-06T20:40:21.145677338","id":31,"locationName":"Sweet Eats Bakery","moderationStatus":null,"placeType":"restaurant","seeded":true,"spicy":true,"text":"Your bakery didn't fail because of the economy. I left hundreds of fake one-star reviews claiming food poisoning. I couldn't stand watching my little sister succeed while I was still waitressing."}]
Generating for theme: intense jealousy
./seed_db.sh: line 36: jq: command not found
[{"createdAt":"2026-06-06T20:41:00.65648905","id":32,"locationName":"Lakeside Banquet Hall","moderationStatus":null,"placeType":"event venue","seeded":true,"spicy":false,"text":"I didn't accidentally wipe your wedding photographer's memory card. I deleted the files on purpose. I looked awful in my bridesmaid dress, and your perfect memories simply weren't worth my public humiliation."},{"createdAt":"2026-06-06T20:41:19.283531","id":33,"locationName":"Mercy Physical Therapy","moderationStatus":null,"placeType":"medical clinic","seeded":true,"spicy":true,"text":"The accident didn't leave me permanently paralyzed. My doctors said I could walk again three years ago. I stay in this wheelchair because your guilt is the only thing keeping you from leaving me."}]
Generating for theme: prank gone horribly wrong
./seed_db.sh: line 36: jq: command not found
[{"createdAt":"2026-06-06T20:41:58.308379189","id":34,"locationName":"Varsity Locker Room","moderationStatus":null,"placeType":"locker room","seeded":true,"spicy":true,"text":"The scout didn't overlook you because of your height. I anonymously sent them fake videos of you drinking before games. I needed the athletic scholarship to escape my parents, and you were my only real competition."},{"createdAt":"2026-06-06T20:42:18.360067766","id":35,"locationName":"Madame Ruby's Parlor","moderationStatus":null,"placeType":"psychic shop","seeded":true,"spicy":true,"text":"You think the psychic speaks to your dead husband. It's just me feeding her details through an earpiece. I take half her fee every week because your inheritance is the only way I can pay my mortgage."}]
Auto-processing all new confessions (Grading + Adding Clues)...
upstream errorDone!
